#
# There is insufficient memory for the Java Runtime Environment to continue.
# Native memory allocation (malloc) failed to allocate 1048576 bytes. Error detail: AllocateHeap
# Possible reasons:
#   The system is out of physical RAM or swap space
#   This process is running with CompressedOops enabled, and the Java Heap may be blocking the growth of the native heap
# Possible solutions:
#   Reduce memory load on the system
#   Increase physical memory or swap space
#   Check if swap backing store is full
#   Decrease Java heap size (-Xmx/-Xms)
#   Decrease number of Java threads
#   Decrease Java thread stack sizes (-Xss)
#   Set larger code cache with -XX:ReservedCodeCacheSize=
#   JVM is running with Unscaled Compressed Oops mode in which the Java heap is
#     placed in the first 4GB address space. The Java Heap base address is the
#     maximum limit for the native heap growth. Please use -XX:HeapBaseMinAddress
#     to set the Java Heap base and to place the Java Heap above 4GB virtual address.
# This output file may be truncated or incomplete.
#
#  Out of Memory Error (allocation.cpp:44), pid=20296, tid=17636
#
# JRE version: OpenJDK Runtime Environment Temurin-21.0.9+10 (21.0.9+10) (build 21.0.9+10-LTS)
# Java VM: OpenJDK 64-Bit Server VM Temurin-21.0.9+10 (21.0.9+10-LTS, mixed mode, sharing, tiered, compressed oops, compressed class ptrs, parallel gc, windows-amd64)
# No core dump will be written. Minidumps are not enabled by default on client versions of Windows
#

---------------  S U M M A R Y ------------

Command Line: --add-modules=ALL-SYSTEM --add-opens=java.base/java.util=ALL-UNNAMED --add-opens=java.base/java.lang=ALL-UNNAMED --add-opens=java.base/sun.nio.fs=ALL-UNNAMED -Declipse.application=org.eclipse.jdt.ls.core.id1 -Dosgi.bundles.defaultStartLevel=4 -Declipse.product=org.eclipse.jdt.ls.core.product -Djava.import.generatesMetadataFilesAtProjectRoot=false -DDetectVMInstallationsJob.disabled=true -Dfile.encoding=utf8 -XX:+UseParallelGC -XX:GCTimeRatio=4 -XX:AdaptiveSizePolicyWeight=90 -Dsun.zip.disableMemoryMapping=true -Xmx2G -Xms100m -Xlog:disable -javaagent:c:\Users\10935\.vscode\extensions\redhat.java-1.50.0-win32-x64\lombok\lombok-1.18.39-4050.jar -XX:+HeapDumpOnOutOfMemoryError -XX:HeapDumpPath=c:\Users\10935\AppData\Roaming\Code\User\workspaceStorage\45f548e0b30d52b6814e104f887155be\redhat.java -Daether.dependencyCollector.impl=bf c:\Users\10935\.vscode\extensions\redhat.java-1.50.0-win32-x64\server\plugins\org.eclipse.equinox.launcher_1.7.100.v20251111-0406.jar -configuration c:\Users\10935\AppData\Roaming\Code\User\globalStorage\redhat.java\1.50.0\config_win -data c:\Users\10935\AppData\Roaming\Code\User\workspaceStorage\45f548e0b30d52b6814e104f887155be\redhat.java\jdt_ws --pipe=\\.\pipe\lsp-b50a26b6fae1389d1b7a1de0b995d698-sock

Host: 13th Gen Intel(R) Core(TM) i5-1334U, 12 cores, 15G,  Windows 11 , 64 bit Build 26100 (10.0.26100.7019)
Time: Thu Dec  4 16:57:54 2025 India Standard Time elapsed time: 1512.503565 seconds (0d 0h 25m 12s)

---------------  T H R E A D  ---------------

Current thread (0x000001ae40a55c80):  JavaThread "Attach Listener" daemon [_thread_in_vm, id=17636, stack(0x000000999c200000,0x000000999c300000) (1024K)]

Stack: [0x000000999c200000,0x000000999c300000]
Native frames: (J=compiled Java code, j=interpreted, Vv=VM code, C=native code)
V  [jvm.dll+0x6d6e29]
V  [jvm.dll+0x8b4b76]
V  [jvm.dll+0x8b712e]
V  [jvm.dll+0x8b7813]
V  [jvm.dll+0x283d86]
V  [jvm.dll+0xc1277]
V  [jvm.dll+0x6d76d9]
V  [jvm.dll+0x133466]
V  [jvm.dll+0x3f7ea6]
V  [jvm.dll+0x85e9ad]
V  [jvm.dll+0x6d565d]
C  [ucrtbase.dll+0x37b0]
C  [KERNEL32.DLL+0x2e8d7]
C  [ntdll.dll+0x8c53c]


---------------  P R O C E S S  ---------------

Threads class SMR info:
_java_thread_list=0x000001ae8b8d6050, length=50, elements={
0x000001ae27c0b6c0, 0x000001ae40a44f50, 0x000001ae40a45c00, 0x000001ae40a55230,
0x000001ae40a55c80, 0x000001ae40a57490, 0x000001ae40a5e1b0, 0x000001ae82f17210,
0x000001ae82f199d0, 0x000001ae8311e3c0, 0x000001ae830fe790, 0x000001ae88243a80,
0x000001ae881f3a40, 0x000001ae884cac00, 0x000001ae832cfa60, 0x000001ae889b91a0,
0x000001ae88f04470, 0x000001ae88f47a10, 0x000001ae88f45940, 0x000001ae88f44c20,
0x000001ae88ec0dd0, 0x000001ae88ebe670, 0x000001ae88ec1460, 0x000001ae88ebdfe0,
0x000001ae88ebfa20, 0x000001ae88ebed00, 0x000001ae88ebf390, 0x000001ae88ec00b0,
0x000001ae88a8c750, 0x000001ae88a8f540, 0x000001ae88a8cde0, 0x000001ae88a8d470,
0x000001ae88a8eeb0, 0x000001ae88a8db00, 0x000001ae88a8e820, 0x000001ae88a8c0c0,
0x000001ae88a91ca0, 0x000001ae886cfa30, 0x000001ae886d0de0, 0x000001ae8e319010,
0x000001ae8d6ca440, 0x000001ae88a91610, 0x000001ae88a929c0, 0x000001ae88a8fbd0,
0x000001ae88a93050, 0x000001ae8e3182f0, 0x000001ae8e31a3c0, 0x000001ae8e31d840,
0x000001ae89245890, 0x000001ae886cb200
}

Java Threads: ( => current thread )
  0x000001ae27c0b6c0 JavaThread "main"                              [_thread_blocked, id=23064, stack(0x000000999bb00000,0x000000999bc00000) (1024K)]
  0x000001ae40a44f50 JavaThread "Reference Handler"          daemon [_thread_blocked, id=14032, stack(0x000000999bf00000,0x000000999c000000) (1024K)]
  0x000001ae40a45c00 JavaThread "Finalizer"                  daemon [_thread_blocked, id=20532, stack(0x000000999c000000,0x000000999c100000) (1024K)]
  0x000001ae40a55230 JavaThread "Signal Dispatcher"          daemon [_thread_blocked, id=14932, stack(0x000000999c100000,0x000000999c200000) (1024K)]
=>0x000001ae40a55c80 JavaThread "Attach Listener"            daemon [_thread_in_vm, id=17636, stack(0x000000999c200000,0x000000999c300000) (1024K)]
  0x000001ae40a57490 JavaThread "Service Thread"             daemon [_thread_blocked, id=22004, stack(0x000000999c300000,0x000000999c400000) (1024K)]
  0x000001ae40a5e1b0 JavaThread "Monitor Deflation Thread"   daemon [_thread_blocked, id=19544, stack(0x000000999c400000,0x000000999c500000) (1024K)]
  0x000001ae82f17210 JavaThread "C2 CompilerThread0"         daemon [_thread_blocked, id=12596, stack(0x000000999c500000,0x000000999c600000) (1024K)]
  0x000001ae82f199d0 JavaThread "C1 CompilerThread0"         daemon [_thread_blocked, id=21708, stack(0x000000999c600000,0x000000999c700000) (1024K)]
  0x000001ae8311e3c0 JavaThread "Common-Cleaner"             daemon [_thread_blocked, id=15388, stack(0x000000999c800000,0x000000999c900000) (1024K)]
  0x000001ae830fe790 JavaThread "Notification Thread"        daemon [_thread_blocked, id=19372, stack(0x000000999c700000,0x000000999c800000) (1024K)]
  0x000001ae88243a80 JavaThread "Active Thread: Equinox Container: 0697f7ba-b9f7-48ab-877e-4e74f0f06908"        [_thread_blocked, id=15844, stack(0x000000999d100000,0x000000999d200000) (1024K)]
  0x000001ae881f3a40 JavaThread "Refresh Thread: Equinox Container: 0697f7ba-b9f7-48ab-877e-4e74f0f06908" daemon [_thread_blocked, id=24108, stack(0x000000999d200000,0x000000999d300000) (1024K)]
  0x000001ae884cac00 JavaThread "Framework Event Dispatcher: Equinox Container: 0697f7ba-b9f7-48ab-877e-4e74f0f06908" daemon [_thread_blocked, id=17724, stack(0x000000999d400000,0x000000999d500000) (1024K)]
  0x000001ae832cfa60 JavaThread "Start Level: Equinox Container: 0697f7ba-b9f7-48ab-877e-4e74f0f06908" daemon [_thread_blocked, id=10544, stack(0x000000999d500000,0x000000999d600000) (1024K)]
  0x000001ae889b91a0 JavaThread "Bundle File Closer"         daemon [_thread_blocked, id=15608, stack(0x000000999d800000,0x000000999d900000) (1024K)]
  0x000001ae88f04470 JavaThread "SCR Component Actor"        daemon [_thread_blocked, id=23012, stack(0x000000999ca00000,0x000000999cb00000) (1024K)]
  0x000001ae88f47a10 JavaThread "Worker-JM"                         [_thread_blocked, id=12172, stack(0x000000999da00000,0x000000999db00000) (1024K)]
  0x000001ae88f45940 JavaThread "JNA Cleaner"                daemon [_thread_blocked, id=4768, stack(0x000000999c900000,0x000000999ca00000) (1024K)]
  0x000001ae88f44c20 JavaThread "Java indexing"              daemon [_thread_blocked, id=13116, stack(0x000000999de00000,0x000000999df00000) (1024K)]
  0x000001ae88ec0dd0 JavaThread "Thread-1"                   daemon [_thread_in_native, id=12684, stack(0x000000999e600000,0x000000999e700000) (1024K)]
  0x000001ae88ebe670 JavaThread "Thread-2"                   daemon [_thread_in_native, id=18840, stack(0x000000999e700000,0x000000999e800000) (1024K)]
  0x000001ae88ec1460 JavaThread "Thread-3"                   daemon [_thread_in_native, id=17896, stack(0x000000999e800000,0x000000999e900000) (1024K)]
  0x000001ae88ebdfe0 JavaThread "Thread-4"                   daemon [_thread_in_native, id=20204, stack(0x000000999e900000,0x000000999ea00000) (1024K)]
  0x000001ae88ebfa20 JavaThread "Thread-5"                   daemon [_thread_in_native, id=23300, stack(0x000000999ea00000,0x000000999eb00000) (1024K)]
  0x000001ae88ebed00 JavaThread "Thread-6"                   daemon [_thread_in_native, id=15640, stack(0x000000999eb00000,0x000000999ec00000) (1024K)]
  0x000001ae88ebf390 JavaThread "Thread-7"                   daemon [_thread_in_native, id=21028, stack(0x000000999ec00000,0x000000999ed00000) (1024K)]
  0x000001ae88ec00b0 JavaThread "Thread-8"                   daemon [_thread_in_native, id=1056, stack(0x000000999ed00000,0x000000999ee00000) (1024K)]
  0x000001ae88a8c750 JavaThread "Thread-9"                   daemon [_thread_in_native, id=23192, stack(0x000000999ee00000,0x000000999ef00000) (1024K)]
  0x000001ae88a8f540 JavaThread "Thread-10"                  daemon [_thread_in_native, id=17728, stack(0x000000999ef00000,0x000000999f000000) (1024K)]
  0x000001ae88a8cde0 JavaThread "Thread-11"                  daemon [_thread_in_native, id=23240, stack(0x000000999f000000,0x000000999f100000) (1024K)]
  0x000001ae88a8d470 JavaThread "Thread-12"                  daemon [_thread_in_native, id=22388, stack(0x000000999f100000,0x000000999f200000) (1024K)]
  0x000001ae88a8eeb0 JavaThread "Thread-13"                  daemon [_thread_in_native, id=21916, stack(0x000000999f200000,0x000000999f300000) (1024K)]
  0x000001ae88a8db00 JavaThread "pool-2-thread-1"                   [_thread_blocked, id=11548, stack(0x000000999f300000,0x000000999f400000) (1024K)]
  0x000001ae88a8e820 JavaThread "WorkspaceEventsHandler"            [_thread_blocked, id=16288, stack(0x000000999f500000,0x000000999f600000) (1024K)]
  0x000001ae88a8c0c0 JavaThread "pool-1-thread-1"                   [_thread_blocked, id=15068, stack(0x000000999f600000,0x000000999f700000) (1024K)]
  0x000001ae88a91ca0 JavaThread "ForkJoinPool.commonPool-worker-4" daemon [_thread_blocked, id=9808, stack(0x000000999fa00000,0x000000999fb00000) (1024K)]
  0x000001ae886cfa30 JavaThread "Cleaner-0"                  daemon [_thread_blocked, id=17624, stack(0x000000999dc00000,0x000000999dd00000) (1024K)]
  0x000001ae886d0de0 JavaThread "ForkJoinPool.commonPool-worker-14" daemon [_thread_blocked, id=16012, stack(0x000000999e100000,0x000000999e200000) (1024K)]
  0x000001ae8e319010 JavaThread "ForkJoinPool.commonPool-worker-20" daemon [_thread_blocked, id=11948, stack(0x000000999db00000,0x000000999dc00000) (1024K)]
  0x000001ae8d6ca440 JavaThread "ForkJoinPool.commonPool-worker-21" daemon [_thread_blocked, id=14876, stack(0x00000099a0300000,0x00000099a0400000) (1024K)]
  0x000001ae88a91610 JavaThread "Java Debug Server"          daemon [_thread_in_native, id=13548, stack(0x000000999b800000,0x000000999b900000) (1024K)]
  0x000001ae88a929c0 JavaThread "pool-5-thread-1"                   [_thread_in_native, id=7876, stack(0x000000999dd00000,0x000000999de00000) (1024K)]
  0x000001ae88a8fbd0 JavaThread "RxSchedulerPurge-1"         daemon [_thread_blocked, id=22272, stack(0x00000099a0700000,0x00000099a0800000) (1024K)]
  0x000001ae88a93050 JavaThread "RxCachedWorkerPoolEvictor-1" daemon [_thread_blocked, id=21552, stack(0x00000099a0800000,0x00000099a0900000) (1024K)]
  0x000001ae8e3182f0 JavaThread "process reaper (pid 17272)" daemon [_thread_in_native, id=20768, stack(0x000000999b580000,0x000000999b5a0000) (128K)]
  0x000001ae8e31a3c0 JavaThread "ForkJoinPool.commonPool-worker-24" daemon [_thread_blocked, id=22652, stack(0x000000999df00000,0x000000999e000000) (1024K)]
  0x000001ae8e31d840 JavaThread "Worker-22"                         [_thread_blocked, id=20888, stack(0x000000999f800000,0x000000999f900000) (1024K)]
  0x000001ae89245890 JavaThread "RxNewThreadScheduler-3"     daemon [_thread_blocked, id=13716, stack(0x000000999e000000,0x000000999e100000) (1024K)]
  0x000001ae886cb200 JavaThread "Worker-25"                         [_thread_blocked, id=12964, stack(0x000000999ba00000,0x000000999bb00000) (1024K)]
Total: 50

Other Threads:
  0x000001ae40a44ab0 VMThread "VM Thread"                           [id=8900, stack(0x000000999be00000,0x000000999bf00000) (1024K)]
  0x000001ae4093ca00 WatcherThread "VM Periodic Task Thread"        [id=8224, stack(0x000000999bd00000,0x000000999be00000) (1024K)]
  0x000001ae29965d70 WorkerThread "GC Thread#0"                     [id=19744, stack(0x000000999bc00000,0x000000999bd00000) (1024K)]
  0x000001ae886a1700 WorkerThread "GC Thread#1"                     [id=5668, stack(0x000000999cb00000,0x000000999cc00000) (1024K)]
  0x000001ae8860db90 WorkerThread "GC Thread#2"                     [id=8404, stack(0x000000999cc00000,0x000000999cd00000) (1024K)]
  0x000001ae8860df30 WorkerThread "GC Thread#3"                     [id=20632, stack(0x000000999cd00000,0x000000999ce00000) (1024K)]
  0x000001ae8860e2d0 WorkerThread "GC Thread#4"                     [id=9524, stack(0x000000999ce00000,0x000000999cf00000) (1024K)]
  0x000001ae8860d450 WorkerThread "GC Thread#5"                     [id=10408, stack(0x000000999cf00000,0x000000999d000000) (1024K)]
  0x000001ae8860e670 WorkerThread "GC Thread#6"                     [id=4880, stack(0x000000999d000000,0x000000999d100000) (1024K)]
  0x000001ae8860edb0 WorkerThread "GC Thread#7"                     [id=13372, stack(0x000000999d300000,0x000000999d400000) (1024K)]
  0x000001ae88bd5120 WorkerThread "GC Thread#8"                     [id=8476, stack(0x000000999d600000,0x000000999d700000) (1024K)]
  0x000001ae88bd2200 WorkerThread "GC Thread#9"                     [id=22376, stack(0x000000999d700000,0x000000999d800000) (1024K)]
Total: 12

Threads with active compile tasks:
Total: 0

VM state: not at safepoint (normal execution)

VM Mutex/Monitor currently owned by a thread: None

Heap address: 0x0000000080000000, size: 2048 MB, Compressed Oops mode: 32-bit

CDS archive(s) mapped at: [0x000001ae41000000-0x000001ae41ba0000-0x000001ae41ba0000), size 12189696, SharedBaseAddress: 0x000001ae41000000, ArchiveRelocationMode: 1.
Compressed class space mapped at: 0x000001ae42000000-0x000001ae82000000, reserved size: 1073741824
Narrow klass base: 0x000001ae41000000, Narrow klass shift: 0, Narrow klass range: 0x100000000

GC Precious Log:
 CardTable entry size: 512
 CPUs: 12 total, 12 available
 Memory: 16016M
 Large Page Support: Disabled
 NUMA Support: Disabled
 Compressed Oops: Enabled (32-bit)
 Alignments: Space 512K, Generation 512K, Heap 2M
 Heap Min Capacity: 100M
 Heap Initial Capacity: 100M
 Heap Max Capacity: 2G
 Pre-touch: Disabled
 Parallel Workers: 10

Heap:
 PSYoungGen      total 4096K, used 792K [0x00000000d5580000, 0x00000000d5d80000, 0x0000000100000000)
  eden space 3072K, 14% used [0x00000000d5580000,0x00000000d55ee270,0x00000000d5880000)
  from space 1024K, 34% used [0x00000000d5b80000,0x00000000d5bd8020,0x00000000d5c80000)
  to   space 512K, 0% used [0x00000000d5d00000,0x00000000d5d00000,0x00000000d5d80000)
 ParOldGen       total 698368K, used 698018K [0x0000000080000000, 0x00000000aaa00000, 0x00000000d5580000)
  object space 698368K, 99% used [0x0000000080000000,0x00000000aa9a8840,0x00000000aaa00000)
 Metaspace       used 84664K, committed 86464K, reserved 1179648K
  class space    used 8740K, committed 9536K, reserved 1048576K

Card table byte_map: [0x000001ae3bda0000,0x000001ae3c1b0000] _byte_map_base: 0x000001ae3b9a0000

Marking Bits: (ParMarkBitMap*) 0x00007ffa0ea62460
 Begin Bits: [0x000001ae3c460000, 0x000001ae3e460000)
 End Bits:   [0x000001ae3e460000, 0x000001ae40460000)

Polling page: 0x000001ae27ec0000

Metaspace:

Usage:
  Non-class:     74.14 MB used.
      Class:      8.54 MB used.
       Both:     82.68 MB used.

Virtual space:
  Non-class space:      128.00 MB reserved,      75.12 MB ( 59%) committed,  2 nodes.
      Class space:        1.00 GB reserved,       9.31 MB ( <1%) committed,  1 nodes.
             Both:        1.12 GB reserved,      84.44 MB (  7%) committed. 

Chunk freelists:
   Non-Class:  4.83 MB
       Class:  6.60 MB
        Both:  11.42 MB

MaxMetaspaceSize: unlimited
CompressedClassSpaceSize: 1.00 GB
Initial GC threshold: 21.00 MB
Current GC threshold: 132.00 MB
CDS: on
 - commit_granule_bytes: 65536.
 - commit_granule_words: 8192.
 - virtual_space_node_default_size: 8388608.
 - enlarge_chunks_in_place: 1.
 - use_allocation_guard: 0.


Internal statistics:

num_allocs_failed_limit: 9.
num_arena_births: 1722.
num_arena_deaths: 26.
num_vsnodes_births: 3.
num_vsnodes_deaths: 0.
num_space_committed: 1351.
num_space_uncommitted: 0.
num_chunks_returned_to_freelist: 39.
num_chunks_taken_from_freelist: 5801.
num_chunk_merges: 20.
num_chunk_splits: 3504.
num_chunks_enlarged: 1909.
num_inconsistent_stats: 0.

CodeHeap 'non-profiled nmethods': size=120000Kb used=17640Kb max_used=17640Kb free=102359Kb
 bounds [0x000001ae34690000, 0x000001ae357d0000, 0x000001ae3bbc0000]
CodeHeap 'profiled nmethods': size=120000Kb used=43685Kb max_used=43685Kb free=76314Kb
 bounds [0x000001ae2cbc0000, 0x000001ae2f670000, 0x000001ae340f0000]
CodeHeap 'non-nmethods': size=5760Kb used=1538Kb max_used=1614Kb free=4221Kb
 bounds [0x000001ae340f0000, 0x000001ae34360000, 0x000001ae34690000]
CodeCache: size=245760Kb, used=62863Kb, max_used=62939Kb, free=182894Kb
 total_blobs=18512, nmethods=17654, adapters=758, full_count=0
Compilation: enabled, stopped_count=0, restarted_count=0

Compilation events (20 events):
Event: 1385.429 Thread 0x000001ae8c5f2c10 nmethod 19380 0x000001ae357b6c90 code [0x000001ae357b6e20, 0x000001ae357b7120]
Event: 1385.429 Thread 0x000001ae8c5f2c10 19379       4       jdk.internal.util.ByteArray::setUnsignedShort (12 bytes)
Event: 1385.430 Thread 0x000001ae8c5f2c10 nmethod 19379 0x000001ae357b7210 code [0x000001ae357b73a0, 0x000001ae357b7480]
Event: 1385.431 Thread 0x000001ae8c5f2c10 19397       4       org.eclipse.core.internal.watson.ElementTreeIterator::doIteration (114 bytes)
Event: 1385.440 Thread 0x000001ae8c5f2c10 nmethod 19397 0x000001ae357b7610 code [0x000001ae357b7800, 0x000001ae357b7d78]
Event: 1385.541 Thread 0x000001ae8c5f2c10 19398       4       org.eclipse.jdt.core.IClasspathEntry::isTest (61 bytes)
Event: 1385.545 Thread 0x000001ae8c5f2c10 nmethod 19398 0x000001ae357b8290 code [0x000001ae357b8440, 0x000001ae357b8758]
Event: 1385.573 Thread 0x000001ae8c5f2c10 19399       4       java.lang.StringBuilder::append (10 bytes)
Event: 1385.574 Thread 0x000001ae8c5f2c10 nmethod 19399 0x000001ae357b8910 code [0x000001ae357b8aa0, 0x000001ae357b8b58]
Event: 1385.574 Thread 0x000001ae8c5f2c10 19400       4       java.net.URI::hashCode (123 bytes)
Event: 1385.584 Thread 0x000001ae82f199d0 19401       3       java.nio.charset.CharsetEncoder::implReplaceWith (1 bytes)
Event: 1385.585 Thread 0x000001ae82f199d0 nmethod 19401 0x000001ae2f669190 code [0x000001ae2f669320, 0x000001ae2f669428]
Event: 1385.618 Thread 0x000001ae8c5f2c10 nmethod 19400 0x000001ae357b8c10 code [0x000001ae357b8ea0, 0x000001ae357b9b78]
Event: 1385.618 Thread 0x000001ae8c5f2c10 19402       4       org.eclipse.core.internal.dtree.AbstractDataTreeNode::size (6 bytes)
Event: 1385.619 Thread 0x000001ae8c5f2c10 nmethod 19402 0x000001ae357ba390 code [0x000001ae357ba520, 0x000001ae357ba5c0]
Event: 1385.746 Thread 0x000001ae82f17210 nmethod 19392 0x000001ae357ba690 code [0x000001ae357bb300, 0x000001ae357c3268]
Event: 1447.455 Thread 0x000001ae82f17210 19403       4       java.util.concurrent.locks.AbstractQueuedSynchronizer$Node::getAndUnsetStatus (14 bytes)
Event: 1447.456 Thread 0x000001ae82f17210 nmethod 19403 0x000001ae357c9b90 code [0x000001ae357c9d20, 0x000001ae357c9df8]
Event: 1501.410 Thread 0x000001ae82f17210 19404       4       java.util.concurrent.ThreadPoolExecutor::runStateAtLeast (11 bytes)
Event: 1501.410 Thread 0x000001ae82f17210 nmethod 19404 0x000001ae357c9e90 code [0x000001ae357ca000, 0x000001ae357ca078]

GC Heap History (20 events):
Event: 1125.282 GC heap before
{Heap before GC invocations=928 (full 4):
 PSYoungGen      total 6144K, used 6144K [0x00000000d5580000, 0x00000000d6180000, 0x0000000100000000)
  eden space 3072K, 100% used [0x00000000d5580000,0x00000000d5880000,0x00000000d5880000)
  from space 3072K, 100% used [0x00000000d5880000,0x00000000d5b80000,0x00000000d5b80000)
  to   space 4096K, 0% used [0x00000000d5d80000,0x00000000d5d80000,0x00000000d6180000)
 ParOldGen       total 647168K, used 647025K [0x0000000080000000, 0x00000000a7800000, 0x00000000d5580000)
  object space 647168K, 99% used [0x0000000080000000,0x00000000a77dc738,0x00000000a7800000)
 Metaspace       used 84592K, committed 86464K, reserved 1179648K
  class space    used 8740K, committed 9536K, reserved 1048576K
}
Event: 1125.290 GC heap after
{Heap after GC invocations=928 (full 4):
 PSYoungGen      total 7680K, used 3168K [0x00000000d5580000, 0x00000000d6100000, 0x0000000100000000)
  eden space 4096K, 0% used [0x00000000d5580000,0x00000000d5580000,0x00000000d5980000)
  from space 3584K, 88% used [0x00000000d5d80000,0x00000000d6098000,0x00000000d6100000)
  to   space 3584K, 0% used [0x00000000d5a00000,0x00000000d5a00000,0x00000000d5d80000)
 ParOldGen       total 650240K, used 650017K [0x0000000080000000, 0x00000000a7b00000, 0x00000000d5580000)
  object space 650240K, 99% used [0x0000000080000000,0x00000000a7ac8738,0x00000000a7b00000)
 Metaspace       used 84592K, committed 86464K, reserved 1179648K
  class space    used 8740K, committed 9536K, reserved 1048576K
}
Event: 1125.314 GC heap before
{Heap before GC invocations=929 (full 4):
 PSYoungGen      total 7680K, used 7013K [0x00000000d5580000, 0x00000000d6100000, 0x0000000100000000)
  eden space 4096K, 93% used [0x00000000d5580000,0x00000000d5941588,0x00000000d5980000)
  from space 3584K, 88% used [0x00000000d5d80000,0x00000000d6098000,0x00000000d6100000)
  to   space 3584K, 0% used [0x00000000d5a00000,0x00000000d5a00000,0x00000000d5d80000)
 ParOldGen       total 650240K, used 650017K [0x0000000080000000, 0x00000000a7b00000, 0x00000000d5580000)
  object space 650240K, 99% used [0x0000000080000000,0x00000000a7ac8738,0x00000000a7b00000)
 Metaspace       used 84593K, committed 86464K, reserved 1179648K
  class space    used 8740K, committed 9536K, reserved 1048576K
}
Event: 1125.320 GC heap after
{Heap after GC invocations=929 (full 4):
 PSYoungGen      total 8192K, used 3048K [0x00000000d5580000, 0x00000000d6180000, 0x0000000100000000)
  eden space 4608K, 0% used [0x00000000d5580000,0x00000000d5580000,0x00000000d5a00000)
  from space 3584K, 85% used [0x00000000d5a00000,0x00000000d5cfa000,0x00000000d5d80000)
  to   space 3584K, 0% used [0x00000000d5e00000,0x00000000d5e00000,0x00000000d6180000)
 ParOldGen       total 653312K, used 653057K [0x0000000080000000, 0x00000000a7e00000, 0x00000000d5580000)
  object space 653312K, 99% used [0x0000000080000000,0x00000000a7dc0738,0x00000000a7e00000)
 Metaspace       used 84593K, committed 86464K, reserved 1179648K
  class space    used 8740K, committed 9536K, reserved 1048576K
}
Event: 1125.414 GC heap before
{Heap before GC invocations=930 (full 4):
 PSYoungGen      total 8192K, used 7656K [0x00000000d5580000, 0x00000000d6180000, 0x0000000100000000)
  eden space 4608K, 100% used [0x00000000d5580000,0x00000000d5a00000,0x00000000d5a00000)
  from space 3584K, 85% used [0x00000000d5a00000,0x00000000d5cfa000,0x00000000d5d80000)
  to   space 3584K, 0% used [0x00000000d5e00000,0x00000000d5e00000,0x00000000d6180000)
 ParOldGen       total 653312K, used 653057K [0x0000000080000000, 0x00000000a7e00000, 0x00000000d5580000)
  object space 653312K, 99% used [0x0000000080000000,0x00000000a7dc0738,0x00000000a7e00000)
 Metaspace       used 84601K, committed 86464K, reserved 1179648K
  class space    used 8740K, committed 9536K, reserved 1048576K
}
Event: 1125.422 GC heap after
{Heap after GC invocations=930 (full 4):
 PSYoungGen      total 7680K, used 2003K [0x00000000d5580000, 0x00000000d6000000, 0x0000000100000000)
  eden space 5632K, 0% used [0x00000000d5580000,0x00000000d5580000,0x00000000d5b00000)
  from space 2048K, 97% used [0x00000000d5e00000,0x00000000d5ff4f10,0x00000000d6000000)
  to   space 2560K, 0% used [0x00000000d5b00000,0x00000000d5b00000,0x00000000d5d80000)
 ParOldGen       total 655872K, used 655377K [0x0000000080000000, 0x00000000a8080000, 0x00000000d5580000)
  object space 655872K, 99% used [0x0000000080000000,0x00000000a8004738,0x00000000a8080000)
 Metaspace       used 84601K, committed 86464K, reserved 1179648K
  class space    used 8740K, committed 9536K, reserved 1048576K
}
Event: 1125.460 GC heap before
{Heap before GC invocations=931 (full 4):
 PSYoungGen      total 7680K, used 7635K [0x00000000d5580000, 0x00000000d6000000, 0x0000000100000000)
  eden space 5632K, 100% used [0x00000000d5580000,0x00000000d5b00000,0x00000000d5b00000)
  from space 2048K, 97% used [0x00000000d5e00000,0x00000000d5ff4f10,0x00000000d6000000)
  to   space 2560K, 0% used [0x00000000d5b00000,0x00000000d5b00000,0x00000000d5d80000)
 ParOldGen       total 655872K, used 655377K [0x0000000080000000, 0x00000000a8080000, 0x00000000d5580000)
  object space 655872K, 99% used [0x0000000080000000,0x00000000a8004738,0x00000000a8080000)
 Metaspace       used 84601K, committed 86464K, reserved 1179648K
  class space    used 8740K, committed 9536K, reserved 1048576K
}
Event: 1125.465 GC heap after
{Heap after GC invocations=931 (full 4):
 PSYoungGen      total 8192K, used 240K [0x00000000d5580000, 0x00000000d5e80000, 0x0000000100000000)
  eden space 5632K, 0% used [0x00000000d5580000,0x00000000d5580000,0x00000000d5b00000)
  from space 2560K, 9% used [0x00000000d5b00000,0x00000000d5b3c010,0x00000000d5d80000)
  to   space 1024K, 0% used [0x00000000d5d80000,0x00000000d5d80000,0x00000000d5e80000)
 ParOldGen       total 657920K, used 657180K [0x0000000080000000, 0x00000000a8280000, 0x00000000d5580000)
  object space 657920K, 99% used [0x0000000080000000,0x00000000a81c7058,0x00000000a8280000)
 Metaspace       used 84601K, committed 86464K, reserved 1179648K
  class space    used 8740K, committed 9536K, reserved 1048576K
}
Event: 1125.927 GC heap before
{Heap before GC invocations=932 (full 4):
 PSYoungGen      total 8192K, used 5872K [0x00000000d5580000, 0x00000000d5e80000, 0x0000000100000000)
  eden space 5632K, 100% used [0x00000000d5580000,0x00000000d5b00000,0x00000000d5b00000)
  from space 2560K, 9% used [0x00000000d5b00000,0x00000000d5b3c010,0x00000000d5d80000)
  to   space 1024K, 0% used [0x00000000d5d80000,0x00000000d5d80000,0x00000000d5e80000)
 ParOldGen       total 657920K, used 657180K [0x0000000080000000, 0x00000000a8280000, 0x00000000d5580000)
  object space 657920K, 99% used [0x0000000080000000,0x00000000a81c7058,0x00000000a8280000)
 Metaspace       used 84627K, committed 86464K, reserved 1179648K
  class space    used 8740K, committed 9536K, reserved 1048576K
}
Event: 1125.928 GC heap after
{Heap after GC invocations=932 (full 4):
 PSYoungGen      total 6656K, used 587K [0x00000000d5580000, 0x00000000d5e80000, 0x0000000100000000)
  eden space 5632K, 0% used [0x00000000d5580000,0x00000000d5580000,0x00000000d5b00000)
  from space 1024K, 57% used [0x00000000d5d80000,0x00000000d5e12d40,0x00000000d5e80000)
  to   space 1024K, 0% used [0x00000000d5c80000,0x00000000d5c80000,0x00000000d5d80000)
 ParOldGen       total 657920K, used 657220K [0x0000000080000000, 0x00000000a8280000, 0x00000000d5580000)
  object space 657920K, 99% used [0x0000000080000000,0x00000000a81d1058,0x00000000a8280000)
 Metaspace       used 84627K, committed 86464K, reserved 1179648K
  class space    used 8740K, committed 9536K, reserved 1048576K
}
Event: 1126.405 GC heap before
{Heap before GC invocations=933 (full 4):
 PSYoungGen      total 6656K, used 6219K [0x00000000d5580000, 0x00000000d5e80000, 0x0000000100000000)
  eden space 5632K, 99% used [0x00000000d5580000,0x00000000d5affff8,0x00000000d5b00000)
  from space 1024K, 57% used [0x00000000d5d80000,0x00000000d5e12d40,0x00000000d5e80000)
  to   space 1024K, 0% used [0x00000000d5c80000,0x00000000d5c80000,0x00000000d5d80000)
 ParOldGen       total 657920K, used 657220K [0x0000000080000000, 0x00000000a8280000, 0x00000000d5580000)
  object space 657920K, 99% used [0x0000000080000000,0x00000000a81d1058,0x00000000a8280000)
 Metaspace       used 84629K, committed 86464K, reserved 1179648K
  class space    used 8740K, committed 9536K, reserved 1048576K
}
Event: 1126.407 GC heap after
{Heap after GC invocations=933 (full 4):
 PSYoungGen      total 6656K, used 1012K [0x00000000d5580000, 0x00000000d6400000, 0x0000000100000000)
  eden space 5632K, 0% used [0x00000000d5580000,0x00000000d5580000,0x00000000d5b00000)
  from space 1024K, 98% used [0x00000000d5c80000,0x00000000d5d7d2c8,0x00000000d5d80000)
  to   space 4608K, 0% used [0x00000000d5f80000,0x00000000d5f80000,0x00000000d6400000)
 ParOldGen       total 660480K, used 660136K [0x0000000080000000, 0x00000000a8500000, 0x00000000d5580000)
  object space 660480K, 99% used [0x0000000080000000,0x00000000a84aa0e8,0x00000000a8500000)
 Metaspace       used 84629K, committed 86464K, reserved 1179648K
  class space    used 8740K, committed 9536K, reserved 1048576K
}
Event: 1126.470 GC heap before
{Heap before GC invocations=934 (full 4):
 PSYoungGen      total 6656K, used 6644K [0x00000000d5580000, 0x00000000d6400000, 0x0000000100000000)
  eden space 5632K, 100% used [0x00000000d5580000,0x00000000d5b00000,0x00000000d5b00000)
  from space 1024K, 98% used [0x00000000d5c80000,0x00000000d5d7d2c8,0x00000000d5d80000)
  to   space 4608K, 0% used [0x00000000d5f80000,0x00000000d5f80000,0x00000000d6400000)
 ParOldGen       total 660480K, used 660136K [0x0000000080000000, 0x00000000a8500000, 0x00000000d5580000)
  object space 660480K, 99% used [0x0000000080000000,0x00000000a84aa0e8,0x00000000a8500000)
 Metaspace       used 84629K, committed 86464K, reserved 1179648K
  class space    used 8740K, committed 9536K, reserved 1048576K
}
Event: 1126.475 GC heap after
{Heap after GC invocations=934 (full 4):
 PSYoungGen      total 7680K, used 4602K [0x00000000d5580000, 0x00000000d6900000, 0x0000000100000000)
  eden space 3072K, 0% used [0x00000000d5580000,0x00000000d5580000,0x00000000d5880000)
  from space 4608K, 99% used [0x00000000d5f80000,0x00000000d63feb68,0x00000000d6400000)
  to   space 7168K, 0% used [0x00000000d5880000,0x00000000d5880000,0x00000000d5f80000)
 ParOldGen       total 662016K, used 661982K [0x0000000080000000, 0x00000000a8680000, 0x00000000d5580000)
  object space 662016K, 99% used [0x0000000080000000,0x00000000a86779b0,0x00000000a8680000)
 Metaspace       used 84629K, committed 86464K, reserved 1179648K
  class space    used 8740K, committed 9536K, reserved 1048576K
}
Event: 1126.502 GC heap before
{Heap before GC invocations=935 (full 4):
 PSYoungGen      total 7680K, used 7674K [0x00000000d5580000, 0x00000000d6900000, 0x0000000100000000)
  eden space 3072K, 100% used [0x00000000d5580000,0x00000000d5880000,0x00000000d5880000)
  from space 4608K, 99% used [0x00000000d5f80000,0x00000000d63feb68,0x00000000d6400000)
  to   space 7168K, 0% used [0x00000000d5880000,0x00000000d5880000,0x00000000d5f80000)
 ParOldGen       total 662016K, used 661982K [0x0000000080000000, 0x00000000a8680000, 0x00000000d5580000)
  object space 662016K, 99% used [0x0000000080000000,0x00000000a86779b0,0x00000000a8680000)
 Metaspace       used 84629K, committed 86464K, reserved 1179648K
  class space    used 8740K, committed 9536K, reserved 1048576K
}
Event: 1126.508 GC heap after
{Heap after GC invocations=935 (full 4):
 PSYoungGen      total 4096K, used 751K [0x00000000d5580000, 0x00000000d6000000, 0x0000000100000000)
  eden space 3072K, 0% used [0x00000000d5580000,0x00000000d5580000,0x00000000d5880000)
  from space 1024K, 73% used [0x00000000d5880000,0x00000000d593bf90,0x00000000d5980000)
  to   space 3072K, 0% used [0x00000000d5d00000,0x00000000d5d00000,0x00000000d6000000)
 ParOldGen       total 666624K, used 666535K [0x0000000080000000, 0x00000000a8b00000, 0x00000000d5580000)
  object space 666624K, 99% used [0x0000000080000000,0x00000000a8ae9e38,0x00000000a8b00000)
 Metaspace       used 84629K, committed 86464K, reserved 1179648K
  class space    used 8740K, committed 9536K, reserved 1048576K
}
Event: 1126.960 GC heap before
{Heap before GC invocations=936 (full 4):
 PSYoungGen      total 4096K, used 3823K [0x00000000d5580000, 0x00000000d6000000, 0x0000000100000000)
  eden space 3072K, 100% used [0x00000000d5580000,0x00000000d5880000,0x00000000d5880000)
  from space 1024K, 73% used [0x00000000d5880000,0x00000000d593bf90,0x00000000d5980000)
  to   space 3072K, 0% used [0x00000000d5d00000,0x00000000d5d00000,0x00000000d6000000)
 ParOldGen       total 698368K, used 697255K [0x0000000080000000, 0x00000000aaa00000, 0x00000000d5580000)
  object space 698368K, 99% used [0x0000000080000000,0x00000000aa8e9e68,0x00000000aaa00000)
 Metaspace       used 84649K, committed 86464K, reserved 1179648K
  class space    used 8740K, committed 9536K, reserved 1048576K
}
Event: 1126.964 GC heap after
{Heap after GC invocations=936 (full 4):
 PSYoungGen      total 3584K, used 497K [0x00000000d5580000, 0x00000000d5d80000, 0x0000000100000000)
  eden space 3072K, 0% used [0x00000000d5580000,0x00000000d5580000,0x00000000d5880000)
  from space 512K, 97% used [0x00000000d5d00000,0x00000000d5d7c698,0x00000000d5d80000)
  to   space 1024K, 0% used [0x00000000d5b80000,0x00000000d5b80000,0x00000000d5c80000)
 ParOldGen       total 698368K, used 697759K [0x0000000080000000, 0x00000000aaa00000, 0x00000000d5580000)
  object space 698368K, 99% used [0x0000000080000000,0x00000000aa967e68,0x00000000aaa00000)
 Metaspace       used 84649K, committed 86464K, reserved 1179648K
  class space    used 8740K, committed 9536K, reserved 1048576K
}
Event: 1385.574 GC heap before
{Heap before GC invocations=937 (full 4):
 PSYoungGen      total 3584K, used 3569K [0x00000000d5580000, 0x00000000d5d80000, 0x0000000100000000)
  eden space 3072K, 100% used [0x00000000d5580000,0x00000000d5880000,0x00000000d5880000)
  from space 512K, 97% used [0x00000000d5d00000,0x00000000d5d7c698,0x00000000d5d80000)
  to   space 1024K, 0% used [0x00000000d5b80000,0x00000000d5b80000,0x00000000d5c80000)
 ParOldGen       total 698368K, used 697759K [0x0000000080000000, 0x00000000aaa00000, 0x00000000d5580000)
  object space 698368K, 99% used [0x0000000080000000,0x00000000aa967e68,0x00000000aaa00000)
 Metaspace       used 84663K, committed 86464K, reserved 1179648K
  class space    used 8740K, committed 9536K, reserved 1048576K
}
Event: 1385.582 GC heap after
{Heap after GC invocations=937 (full 4):
 PSYoungGen      total 4096K, used 352K [0x00000000d5580000, 0x00000000d5d80000, 0x0000000100000000)
  eden space 3072K, 0% used [0x00000000d5580000,0x00000000d5580000,0x00000000d5880000)
  from space 1024K, 34% used [0x00000000d5b80000,0x00000000d5bd8020,0x00000000d5c80000)
  to   space 512K, 0% used [0x00000000d5d00000,0x00000000d5d00000,0x00000000d5d80000)
 ParOldGen       total 698368K, used 698018K [0x0000000080000000, 0x00000000aaa00000, 0x00000000d5580000)
  object space 698368K, 99% used [0x0000000080000000,0x00000000aa9a8840,0x00000000aaa00000)
 Metaspace       used 84663K, committed 86464K, reserved 1179648K
  class space    used 8740K, committed 9536K, reserved 1048576K
}

Dll operation events (12 events):
Event: 0.069 Loaded shared library c:\Users\10935\.vscode\extensions\redhat.java-1.50.0-win32-x64\jre\21.0.9-win32-x86_64\bin\java.dll
Event: 0.208 Loaded shared library c:\Users\10935\.vscode\extensions\redhat.java-1.50.0-win32-x64\jre\21.0.9-win32-x86_64\bin\zip.dll
Event: 0.238 Loaded shared library C:\Users\10935\.vscode\extensions\redhat.java-1.50.0-win32-x64\jre\21.0.9-win32-x86_64\bin\instrument.dll
Event: 0.249 Loaded shared library C:\Users\10935\.vscode\extensions\redhat.java-1.50.0-win32-x64\jre\21.0.9-win32-x86_64\bin\net.dll
Event: 0.257 Loaded shared library C:\Users\10935\.vscode\extensions\redhat.java-1.50.0-win32-x64\jre\21.0.9-win32-x86_64\bin\nio.dll
Event: 0.264 Loaded shared library C:\Users\10935\.vscode\extensions\redhat.java-1.50.0-win32-x64\jre\21.0.9-win32-x86_64\bin\zip.dll
Event: 0.295 Loaded shared library C:\Users\10935\.vscode\extensions\redhat.java-1.50.0-win32-x64\jre\21.0.9-win32-x86_64\bin\jimage.dll
Event: 0.423 Loaded shared library c:\Users\10935\.vscode\extensions\redhat.java-1.50.0-win32-x64\jre\21.0.9-win32-x86_64\bin\verify.dll
Event: 2.222 Loaded shared library C:\Users\10935\AppData\Roaming\Code\User\globalStorage\redhat.java\1.50.0\config_win\org.eclipse.equinox.launcher\org.eclipse.equinox.launcher.win32.win32.x86_64_1.2.1400.v20250801-0854\eclipse_11916.dll
Event: 4.559 Loaded shared library C:\Users\10935\AppData\Local\Temp\jna-46738908\jna9580067119850108131.dll
Event: 6.765 Loaded shared library C:\Users\10935\.vscode\extensions\redhat.java-1.50.0-win32-x64\jre\21.0.9-win32-x86_64\bin\sunmscapi.dll
Event: 6.883 Loaded shared library C:\Users\10935\.vscode\extensions\redhat.java-1.50.0-win32-x64\jre\21.0.9-win32-x86_64\bin\extnet.dll

Deoptimization events (20 events):
Event: 1125.154 Thread 0x000001ae8e31ebf0 DEOPT PACKING pc=0x000001ae3577f49c sp=0x000000999f9fef40
Event: 1125.154 Thread 0x000001ae8e31ebf0 DEOPT UNPACKING pc=0x000001ae34143aa2 sp=0x000000999f9feec8 mode 2
Event: 1125.187 Thread 0x000001ae8e318980 Uncommon trap: trap_request=0xffffffd6 fr.pc=0x000001ae35770834 relative=0x0000000000000214
Event: 1125.187 Thread 0x000001ae8e318980 Uncommon trap: reason=array_check action=maybe_recompile pc=0x000001ae35770834 method=java.util.HashMap.keysToArray([Ljava/lang/Object;)[Ljava/lang/Object; @ 62 c2
Event: 1125.187 Thread 0x000001ae8e318980 DEOPT PACKING pc=0x000001ae35770834 sp=0x000000999e5fdac0
Event: 1125.187 Thread 0x000001ae8e318980 DEOPT UNPACKING pc=0x000001ae34143aa2 sp=0x000000999e5fda38 mode 2
Event: 1125.187 Thread 0x000001ae8e318980 Uncommon trap: trap_request=0xffffffd6 fr.pc=0x000001ae35770834 relative=0x0000000000000214
Event: 1125.187 Thread 0x000001ae8e318980 Uncommon trap: reason=array_check action=maybe_recompile pc=0x000001ae35770834 method=java.util.HashMap.keysToArray([Ljava/lang/Object;)[Ljava/lang/Object; @ 62 c2
Event: 1125.187 Thread 0x000001ae8e318980 DEOPT PACKING pc=0x000001ae35770834 sp=0x000000999e5fdac0
Event: 1125.187 Thread 0x000001ae8e318980 DEOPT UNPACKING pc=0x000001ae34143aa2 sp=0x000000999e5fda38 mode 2
Event: 1125.187 Thread 0x000001ae8e318980 Uncommon trap: trap_request=0xffffffd6 fr.pc=0x000001ae35770834 relative=0x0000000000000214
Event: 1125.187 Thread 0x000001ae8e318980 Uncommon trap: reason=array_check action=maybe_recompile pc=0x000001ae35770834 method=java.util.HashMap.keysToArray([Ljava/lang/Object;)[Ljava/lang/Object; @ 62 c2
Event: 1125.187 Thread 0x000001ae8e318980 DEOPT PACKING pc=0x000001ae35770834 sp=0x000000999e5fdac0
Event: 1125.187 Thread 0x000001ae8e318980 DEOPT UNPACKING pc=0x000001ae34143aa2 sp=0x000000999e5fda38 mode 2
Event: 1125.240 Thread 0x000001ae8e318980 Uncommon trap: trap_request=0xffffffbe fr.pc=0x000001ae35257008 relative=0x0000000000000268
Event: 1125.240 Thread 0x000001ae8e318980 Uncommon trap: reason=profile_predicate action=maybe_recompile pc=0x000001ae35257008 method=java.util.HashMap.keysToArray([Ljava/lang/Object;)[Ljava/lang/Object; @ 32 c2
Event: 1125.240 Thread 0x000001ae8e318980 DEOPT PACKING pc=0x000001ae35257008 sp=0x000000999e5fd990
Event: 1125.240 Thread 0x000001ae8e318980 DEOPT UNPACKING pc=0x000001ae34143aa2 sp=0x000000999e5fd940 mode 2
Event: 1125.933 Thread 0x000001ae88f44c20 DEOPT PACKING pc=0x000001ae2f02639a sp=0x000000999defed60
Event: 1125.933 Thread 0x000001ae88f44c20 DEOPT UNPACKING pc=0x000001ae34144242 sp=0x000000999defe200 mode 0

Classes loaded (20 events):
Event: 847.512 Loading class java/util/TaskQueue
Event: 847.512 Loading class java/util/TaskQueue done
Event: 847.512 Loading class java/util/TimerThread
Event: 847.513 Loading class java/util/TimerThread done
Event: 847.513 Loading class java/util/Timer$ThreadReaper
Event: 847.513 Loading class java/util/Timer$ThreadReaper done
Event: 847.514 Loading class java/util/concurrent/CompletableFuture$UniWhenComplete
Event: 847.514 Loading class java/util/concurrent/CompletableFuture$UniWhenComplete done
Event: 847.515 Loading class java/util/concurrent/CompletableFuture$UniCompose
Event: 847.515 Loading class java/util/concurrent/CompletableFuture$UniCompose done
Event: 847.515 Loading class java/util/concurrent/CompletableFuture$UniRelay
Event: 847.515 Loading class java/util/concurrent/CompletableFuture$UniRelay done
Event: 848.403 Loading class java/util/concurrent/ScheduledThreadPoolExecutor$DelayedWorkQueue$Itr
Event: 848.404 Loading class java/util/concurrent/ScheduledThreadPoolExecutor$DelayedWorkQueue$Itr done
Event: 848.465 Loading class java/lang/ProcessHandleImpl$ExitCompletion
Event: 848.465 Loading class java/lang/ProcessHandleImpl$ExitCompletion done
Event: 848.465 Loading class java/lang/ProcessHandleImpl$1
Event: 848.465 Loading class java/lang/ProcessHandleImpl$1 done
Event: 848.466 Loading class java/util/concurrent/CompletableFuture$UniHandle
Event: 848.466 Loading class java/util/concurrent/CompletableFuture$UniHandle done

Classes unloaded (13 events):
Event: 5.200 Thread 0x000001ae40a44ab0 Unloading class 0x000001ae421acc00 'java/lang/invoke/LambdaForm$MH+0x000001ae421acc00'
Event: 5.200 Thread 0x000001ae40a44ab0 Unloading class 0x000001ae421ac800 'java/lang/invoke/LambdaForm$MH+0x000001ae421ac800'
Event: 5.200 Thread 0x000001ae40a44ab0 Unloading class 0x000001ae421ac400 'java/lang/invoke/LambdaForm$MH+0x000001ae421ac400'
Event: 5.200 Thread 0x000001ae40a44ab0 Unloading class 0x000001ae421ac000 'java/lang/invoke/LambdaForm$MH+0x000001ae421ac000'
Event: 5.200 Thread 0x000001ae40a44ab0 Unloading class 0x000001ae421abc00 'java/lang/invoke/LambdaForm$BMH+0x000001ae421abc00'
Event: 5.200 Thread 0x000001ae40a44ab0 Unloading class 0x000001ae421ab800 'java/lang/invoke/LambdaForm$DMH+0x000001ae421ab800'
Event: 5.200 Thread 0x000001ae40a44ab0 Unloading class 0x000001ae421aa400 'java/lang/invoke/LambdaForm$DMH+0x000001ae421aa400'
Event: 13.878 Thread 0x000001ae40a44ab0 Unloading class 0x000001ae42645400 'java/lang/invoke/LambdaForm$DMH+0x000001ae42645400'
Event: 13.878 Thread 0x000001ae40a44ab0 Unloading class 0x000001ae42644c00 'java/lang/invoke/LambdaForm$DMH+0x000001ae42644c00'
Event: 13.878 Thread 0x000001ae40a44ab0 Unloading class 0x000001ae42645000 'java/lang/invoke/LambdaForm$DMH+0x000001ae42645000'
Event: 13.878 Thread 0x000001ae40a44ab0 Unloading class 0x000001ae42644800 'java/lang/invoke/LambdaForm$DMH+0x000001ae42644800'
Event: 809.650 Thread 0x000001ae40a44ab0 Unloading class 0x000001ae42734c00 'java/lang/invoke/LambdaForm$MH+0x000001ae42734c00'
Event: 809.650 Thread 0x000001ae40a44ab0 Unloading class 0x000001ae42734000 'java/lang/invoke/LambdaForm$MH+0x000001ae42734000'

Classes redefined (0 events):
No events

Internal exceptions (20 events):
Event: 1086.026 Thread 0x000001ae8e31ebf0 Exception <a 'java/lang/NullPointerException'{0x00000000d58e5cb0}> (0x00000000d58e5cb0) 
thrown [s\src\hotspot\share\interpreter\linkResolver.cpp, line 1372]
Event: 1086.027 Thread 0x000001ae8e31ebf0 Exception <a 'java/lang/NullPointerException'{0x00000000d58ebb70}> (0x00000000d58ebb70) 
thrown [s\src\hotspot\share\interpreter\linkResolver.cpp, line 1372]
Event: 1086.027 Thread 0x000001ae8e31ebf0 Exception <a 'java/lang/NullPointerException'{0x00000000d58f9a70}> (0x00000000d58f9a70) 
thrown [s\src\hotspot\share\interpreter\linkResolver.cpp, line 1372]
Event: 1100.151 Thread 0x000001ae8e31be00 Exception <a 'sun/nio/fs/WindowsException'{0x00000000d57193c8}> (0x00000000d57193c8) 
thrown [s\src\hotspot\share\prims\jni.cpp, line 520]
Event: 1100.152 Thread 0x000001ae8e31be00 Exception <a 'sun/nio/fs/WindowsException'{0x00000000d5719c90}> (0x00000000d5719c90) 
thrown [s\src\hotspot\share\prims\jni.cpp, line 520]
Event: 1100.153 Thread 0x000001ae8e31be00 Exception <a 'sun/nio/fs/WindowsException'{0x00000000d571a990}> (0x00000000d571a990) 
thrown [s\src\hotspot\share\prims\jni.cpp, line 520]
Event: 1100.153 Thread 0x000001ae8e31be00 Exception <a 'sun/nio/fs/WindowsException'{0x00000000d571b4e0}> (0x00000000d571b4e0) 
thrown [s\src\hotspot\share\prims\jni.cpp, line 520]
Event: 1100.153 Thread 0x000001ae8e31be00 Exception <a 'sun/nio/fs/WindowsException'{0x00000000d571cc10}> (0x00000000d571cc10) 
thrown [s\src\hotspot\share\prims\jni.cpp, line 520]
Event: 1100.153 Thread 0x000001ae8e31be00 Exception <a 'sun/nio/fs/WindowsException'{0x00000000d571d228}> (0x00000000d571d228) 
thrown [s\src\hotspot\share\prims\jni.cpp, line 520]
Event: 1100.154 Thread 0x000001ae8e31be00 Exception <a 'sun/nio/fs/WindowsException'{0x00000000d5737928}> (0x00000000d5737928) 
thrown [s\src\hotspot\share\prims\jni.cpp, line 520]
Event: 1100.154 Thread 0x000001ae8e31be00 Exception <a 'sun/nio/fs/WindowsException'{0x00000000d57381f0}> (0x00000000d57381f0) 
thrown [s\src\hotspot\share\prims\jni.cpp, line 520]
Event: 1100.308 Thread 0x000001ae89245890 Exception <a 'sun/nio/fs/WindowsException'{0x00000000d57ba8b0}> (0x00000000d57ba8b0) 
thrown [s\src\hotspot\share\prims\jni.cpp, line 520]
Event: 1100.309 Thread 0x000001ae89245890 Exception <a 'sun/nio/fs/WindowsException'{0x00000000d57baf00}> (0x00000000d57baf00) 
thrown [s\src\hotspot\share\prims\jni.cpp, line 520]
Event: 1124.166 Thread 0x000001ae88a8c0c0 Exception <a 'java/lang/IncompatibleClassChangeError'{0x00000000d55f23b0}: Found class java.lang.Object, but interface was expected> (0x00000000d55f23b0) 
thrown [s\src\hotspot\share\interpreter\linkResolver.cpp, line 840]
Event: 1124.183 Thread 0x000001ae88a8c0c0 Exception <a 'java/lang/IncompatibleClassChangeError'{0x00000000d55abe00}: Found class java.lang.Object, but interface was expected> (0x00000000d55abe00) 
thrown [s\src\hotspot\share\interpreter\linkResolver.cpp, line 840]
Event: 1124.770 Thread 0x000001ae88f44c20 Implicit null exception at 0x000001ae3567ed74 to 0x000001ae35681680
Event: 1124.852 Thread 0x000001ae88f44c20 Exception <a 'sun/nio/fs/WindowsException'{0x00000000d566a170}> (0x00000000d566a170) 
thrown [s\src\hotspot\share\prims\jni.cpp, line 520]
Event: 1125.393 Thread 0x000001ae88f44c20 Exception <a 'sun/nio/fs/WindowsException'{0x00000000d5747500}> (0x00000000d5747500) 
thrown [s\src\hotspot\share\prims\jni.cpp, line 520]
Event: 1385.391 Thread 0x000001ae886cb200 Exception <a 'sun/nio/fs/WindowsException'{0x00000000d568e470}> (0x00000000d568e470) 
thrown [s\src\hotspot\share\prims\jni.cpp, line 520]
Event: 1385.391 Thread 0x000001ae886cb200 Exception <a 'sun/nio/fs/WindowsException'{0x00000000d568ed58}> (0x00000000d568ed58) 
thrown [s\src\hotspot\share\prims\jni.cpp, line 520]

ZGC Phase Switch (0 events):
No events

VM Operations (20 events):
Event: 1187.274 Executing VM operation: Cleanup
Event: 1187.274 Executing VM operation: Cleanup done
Event: 1202.967 Executing VM operation: HandshakeAllThreads (HandshakeForDeflation)
Event: 1202.967 Executing VM operation: HandshakeAllThreads (HandshakeForDeflation) done
Event: 1202.967 Executing VM operation: RendezvousGCThreads
Event: 1202.967 Executing VM operation: RendezvousGCThreads done
Event: 1204.981 Executing VM operation: Cleanup
Event: 1204.981 Executing VM operation: Cleanup done
Event: 1263.192 Executing VM operation: HandshakeAllThreads (HandshakeForDeflation)
Event: 1263.192 Executing VM operation: HandshakeAllThreads (HandshakeForDeflation) done
Event: 1263.192 Executing VM operation: RendezvousGCThreads
Event: 1263.192 Executing VM operation: RendezvousGCThreads done
Event: 1385.574 Executing VM operation: ParallelGCFailedAllocation (Allocation Failure)
Event: 1385.582 Executing VM operation: ParallelGCFailedAllocation (Allocation Failure) done
Event: 1426.885 Executing VM operation: Cleanup
Event: 1426.885 Executing VM operation: Cleanup done
Event: 1443.526 Executing VM operation: HandshakeAllThreads (HandshakeForDeflation)
Event: 1443.526 Executing VM operation: HandshakeAllThreads (HandshakeForDeflation) done
Event: 1443.526 Executing VM operation: RendezvousGCThreads
Event: 1443.526 Executing VM operation: RendezvousGCThreads done

Memory protections (0 events):
No events

Nmethod flushes (20 events):
Event: 809.686 Thread 0x000001ae40a44ab0 flushing  nmethod 0x000001ae2dc46f90
Event: 809.686 Thread 0x000001ae40a44ab0 flushing  nmethod 0x000001ae2dc4c890
Event: 809.686 Thread 0x000001ae40a44ab0 flushing  nmethod 0x000001ae2dc4d690
Event: 809.686 Thread 0x000001ae40a44ab0 flushing osr nmethod 0x000001ae2dc66790
Event: 809.686 Thread 0x000001ae40a44ab0 flushing  nmethod 0x000001ae2dc77490
Event: 809.686 Thread 0x000001ae40a44ab0 flushing  nmethod 0x000001ae2dc96c10
Event: 809.686 Thread 0x000001ae40a44ab0 flushing  nmethod 0x000001ae2dca9890
Event: 809.686 Thread 0x000001ae40a44ab0 flushing  nmethod 0x000001ae2dcc8490
Event: 809.686 Thread 0x000001ae40a44ab0 flushing  nmethod 0x000001ae2dce8290
Event: 809.686 Thread 0x000001ae40a44ab0 flushing  nmethod 0x000001ae2dceab10
Event: 809.686 Thread 0x000001ae40a44ab0 flushing  nmethod 0x000001ae2dceb610
Event: 809.686 Thread 0x000001ae40a44ab0 flushing  nmethod 0x000001ae2dcfbe90
Event: 809.686 Thread 0x000001ae40a44ab0 flushing  nmethod 0x000001ae2dd43310
Event: 809.686 Thread 0x000001ae40a44ab0 flushing  nmethod 0x000001ae2dd45f90
Event: 809.686 Thread 0x000001ae40a44ab0 flushing  nmethod 0x000001ae2dd4b490
Event: 809.686 Thread 0x000001ae40a44ab0 flushing  nmethod 0x000001ae2dd57f90
Event: 809.686 Thread 0x000001ae40a44ab0 flushing  nmethod 0x000001ae2dd58610
Event: 809.686 Thread 0x000001ae40a44ab0 flushing  nmethod 0x000001ae2dd58d90
Event: 809.686 Thread 0x000001ae40a44ab0 flushing  nmethod 0x000001ae2dd59610
Event: 809.686 Thread 0x000001ae40a44ab0 flushing  nmethod 0x000001ae2dd5a490

Events (20 events):
Event: 1305.684 Thread 0x000001ae8e31b0e0 Thread exited: 0x000001ae8e31b0e0
Event: 1365.684 Thread 0x000001ae88a92330 Thread exited: 0x000001ae88a92330
Event: 1385.400 Thread 0x000001ae886cb200 Thread added: 0x000001ae886d0750
Event: 1385.401 Thread 0x000001ae886d0750 Thread exited: 0x000001ae886d0750
Event: 1385.409 Thread 0x000001ae82f199d0 Thread added: 0x000001ae8c5f2c10
Event: 1385.423 Thread 0x000001ae886cb200 Thread added: 0x000001ae886d0750
Event: 1385.423 Thread 0x000001ae886d0750 Thread exited: 0x000001ae886d0750
Event: 1385.629 Thread 0x000001ae892416f0 Thread exited: 0x000001ae892416f0
Event: 1385.629 Thread 0x000001ae8e31c490 Thread exited: 0x000001ae8e31c490
Event: 1385.629 Thread 0x000001ae8e31f280 Thread exited: 0x000001ae8e31f280
Event: 1385.630 Thread 0x000001ae89241d80 Thread exited: 0x000001ae89241d80
Event: 1385.630 Thread 0x000001ae8e31d1b0 Thread exited: 0x000001ae8e31d1b0
Event: 1385.645 Thread 0x000001ae892437c0 Thread exited: 0x000001ae892437c0
Event: 1385.645 Thread 0x000001ae892472d0 Thread exited: 0x000001ae892472d0
Event: 1390.632 Thread 0x000001ae8c5f2c10 Thread exited: 0x000001ae8c5f2c10
Event: 1400.103 Thread 0x000001ae8e31aa50 Thread exited: 0x000001ae8e31aa50
Event: 1424.931 Thread 0x000001ae8e31f910 Thread exited: 0x000001ae8e31f910
Event: 1425.694 Thread 0x000001ae8e319d30 Thread exited: 0x000001ae8e319d30
Event: 1426.393 Thread 0x000001ae8e31e560 Thread exited: 0x000001ae8e31e560
Event: 1485.701 Thread 0x000001ae8e31b770 Thread exited: 0x000001ae8e31b770


Dynamic libraries:
0x00007ff6465e0000 - 0x00007ff6465ee000 	c:\Users\10935\.vscode\extensions\redhat.java-1.50.0-win32-x64\jre\21.0.9-win32-x86_64\bin\java.exe
0x00007ffaa3880000 - 0x00007ffaa3ae8000 	C:\WINDOWS\SYSTEM32\ntdll.dll
0x00007ffaa1730000 - 0x00007ffaa17f9000 	C:\WINDOWS\System32\KERNEL32.DLL
0x00007ffaa1220000 - 0x00007ffaa1618000 	C:\WINDOWS\System32\KERNELBASE.dll
0x00007ffaa0df0000 - 0x00007ffaa0f3b000 	C:\WINDOWS\System32\ucrtbase.dll
0x00007ffa83c50000 - 0x00007ffa83c6e000 	c:\Users\10935\.vscode\extensions\redhat.java-1.50.0-win32-x64\jre\21.0.9-win32-x86_64\bin\VCRUNTIME140.dll
0x00007ffa84a30000 - 0x00007ffa84a48000 	c:\Users\10935\.vscode\extensions\redhat.java-1.50.0-win32-x64\jre\21.0.9-win32-x86_64\bin\jli.dll
0x00007ffaa3060000 - 0x00007ffaa3227000 	C:\WINDOWS\System32\USER32.dll
0x00007ffaa0b20000 - 0x00007ffaa0b47000 	C:\WINDOWS\System32\win32u.dll
0x00007ffa81940000 - 0x00007ffa81bd4000 	C:\WINDOWS\WinSxS\amd64_microsoft.windows.common-controls_6595b64144ccf1df_6.0.26100.7019_none_3e06ffa0e335b8a8\COMCTL32.dll
0x00007ffaa1700000 - 0x00007ffaa172b000 	C:\WINDOWS\System32\GDI32.dll
0x00007ffaa1d50000 - 0x00007ffaa1df9000 	C:\WINDOWS\System32\msvcrt.dll
0x00007ffaa0b50000 - 0x00007ffaa0c7c000 	C:\WINDOWS\System32\gdi32full.dll
0x00007ffaa1170000 - 0x00007ffaa1213000 	C:\WINDOWS\System32\msvcp_win.dll
0x00007ffaa1f10000 - 0x00007ffaa1f41000 	C:\WINDOWS\System32\IMM32.DLL
0x000001ae27ee0000 - 0x000001ae27ef6000 	C:\WINDOWS\System32\umppc20309.dll
0x000001ae28140000 - 0x000001ae28154000 	C:\WINDOWS\System32\CsXumd64_20309.dll
0x00007ffa8b050000 - 0x00007ffa8b05c000 	c:\Users\10935\.vscode\extensions\redhat.java-1.50.0-win32-x64\jre\21.0.9-win32-x86_64\bin\vcruntime140_1.dll
0x00007ffa65e70000 - 0x00007ffa65efd000 	c:\Users\10935\.vscode\extensions\redhat.java-1.50.0-win32-x64\jre\21.0.9-win32-x86_64\bin\msvcp140.dll
0x00007ffa0dda0000 - 0x00007ffa0eb40000 	c:\Users\10935\.vscode\extensions\redhat.java-1.50.0-win32-x64\jre\21.0.9-win32-x86_64\bin\server\jvm.dll
0x00007ffaa1640000 - 0x00007ffaa16f4000 	C:\WINDOWS\System32\ADVAPI32.dll
0x00007ffaa1f50000 - 0x00007ffaa1ff6000 	C:\WINDOWS\System32\sechost.dll
0x00007ffaa20e0000 - 0x00007ffaa21f8000 	C:\WINDOWS\System32\RPCRT4.dll
0x00007ffaa37c0000 - 0x00007ffaa3834000 	C:\WINDOWS\System32\WS2_32.dll
0x00007ffaa0830000 - 0x00007ffaa088e000 	C:\WINDOWS\SYSTEM32\POWRPROF.dll
0x00007ffa998c0000 - 0x00007ffa998f5000 	C:\WINDOWS\SYSTEM32\WINMM.dll
0x00007ffa8f110000 - 0x00007ffa8f11b000 	C:\WINDOWS\SYSTEM32\VERSION.dll
0x00007ffaa0810000 - 0x00007ffaa0824000 	C:\WINDOWS\SYSTEM32\UMPDC.dll
0x00007ffa9f620000 - 0x00007ffa9f63b000 	C:\WINDOWS\SYSTEM32\kernel.appcore.dll
0x00007ffa83e60000 - 0x00007ffa83e6a000 	c:\Users\10935\.vscode\extensions\redhat.java-1.50.0-win32-x64\jre\21.0.9-win32-x86_64\bin\jimage.dll
0x00007ffa9dd70000 - 0x00007ffa9dfb2000 	C:\WINDOWS\SYSTEM32\DBGHELP.DLL
0x00007ffaa2200000 - 0x00007ffaa258b000 	C:\WINDOWS\System32\combase.dll
0x00007ffaa2000000 - 0x00007ffaa20d7000 	C:\WINDOWS\System32\OLEAUT32.dll
0x00007ffa79cd0000 - 0x00007ffa79d0c000 	C:\WINDOWS\SYSTEM32\dbgcore.DLL
0x00007ffaa10c0000 - 0x00007ffaa1165000 	C:\WINDOWS\System32\bcryptPrimitives.dll
0x00007ffa83760000 - 0x00007ffa8376f000 	c:\Users\10935\.vscode\extensions\redhat.java-1.50.0-win32-x64\jre\21.0.9-win32-x86_64\bin\instrument.dll
0x00007ffa836d0000 - 0x00007ffa836f0000 	c:\Users\10935\.vscode\extensions\redhat.java-1.50.0-win32-x64\jre\21.0.9-win32-x86_64\bin\java.dll
0x00007ffaa25a0000 - 0x00007ffaa2cef000 	C:\WINDOWS\System32\SHELL32.dll
0x00007ffaa0c80000 - 0x00007ffaa0deb000 	C:\WINDOWS\System32\wintypes.dll
0x00007ffa9e280000 - 0x00007ffa9eadd000 	C:\WINDOWS\SYSTEM32\windows.storage.dll
0x00007ffaa19e0000 - 0x00007ffaa1ad2000 	C:\WINDOWS\System32\SHCORE.dll
0x00007ffaa1c50000 - 0x00007ffaa1cb7000 	C:\WINDOWS\System32\shlwapi.dll
0x00007ffaa08f0000 - 0x00007ffaa0919000 	C:\WINDOWS\SYSTEM32\profapi.dll
0x00007ffa83b80000 - 0x00007ffa83b98000 	c:\Users\10935\.vscode\extensions\redhat.java-1.50.0-win32-x64\jre\21.0.9-win32-x86_64\bin\zip.dll
0x00007ffa831f0000 - 0x00007ffa83200000 	C:\Users\10935\.vscode\extensions\redhat.java-1.50.0-win32-x64\jre\21.0.9-win32-x86_64\bin\net.dll
0x00007ffa9f640000 - 0x00007ffa9f768000 	C:\WINDOWS\SYSTEM32\WINHTTP.dll
0x00007ffa9fca0000 - 0x00007ffa9fd0b000 	C:\WINDOWS\system32\mswsock.dll
0x00007ffa82070000 - 0x00007ffa82086000 	C:\Users\10935\.vscode\extensions\redhat.java-1.50.0-win32-x64\jre\21.0.9-win32-x86_64\bin\nio.dll
0x00007ffa830e0000 - 0x00007ffa830f0000 	c:\Users\10935\.vscode\extensions\redhat.java-1.50.0-win32-x64\jre\21.0.9-win32-x86_64\bin\verify.dll
0x00007ffa7bbc0000 - 0x00007ffa7bc04000 	C:\Users\10935\AppData\Roaming\Code\User\globalStorage\redhat.java\1.50.0\config_win\org.eclipse.equinox.launcher\org.eclipse.equinox.launcher.win32.win32.x86_64_1.2.1400.v20250801-0854\eclipse_11916.dll
0x00007ffaa2e30000 - 0x00007ffaa2fc7000 	C:\WINDOWS\System32\ole32.dll
0x00007ffaa0010000 - 0x00007ffaa002b000 	C:\WINDOWS\SYSTEM32\CRYPTSP.dll
0x00007ffa9f580000 - 0x00007ffa9f5ba000 	C:\WINDOWS\system32\rsaenh.dll
0x00007ffa9fd50000 - 0x00007ffa9fd7b000 	C:\WINDOWS\SYSTEM32\USERENV.dll
0x00007ffaa08c0000 - 0x00007ffaa08ea000 	C:\WINDOWS\SYSTEM32\bcrypt.dll
0x00007ffa9fef0000 - 0x00007ffa9fefc000 	C:\WINDOWS\SYSTEM32\CRYPTBASE.dll
0x00007ffa9ef60000 - 0x00007ffa9ef94000 	C:\WINDOWS\SYSTEM32\IPHLPAPI.DLL
0x00007ffaa1620000 - 0x00007ffaa162a000 	C:\WINDOWS\System32\NSI.dll
0x00007ffa70e80000 - 0x00007ffa70ec9000 	C:\Users\10935\AppData\Local\Temp\jna-46738908\jna9580067119850108131.dll
0x00007ffaa2fd0000 - 0x00007ffaa2fd8000 	C:\WINDOWS\System32\PSAPI.DLL
0x00007ffa99890000 - 0x00007ffa998ae000 	C:\WINDOWS\SYSTEM32\dhcpcsvc6.DLL
0x00007ffa99820000 - 0x00007ffa99843000 	C:\WINDOWS\SYSTEM32\dhcpcsvc.DLL
0x00007ffa910b0000 - 0x00007ffa910be000 	C:\Users\10935\.vscode\extensions\redhat.java-1.50.0-win32-x64\jre\21.0.9-win32-x86_64\bin\sunmscapi.dll
0x00007ffaa0f40000 - 0x00007ffaa10b7000 	C:\WINDOWS\System32\CRYPT32.dll
0x00007ffaa0160000 - 0x00007ffaa0190000 	C:\WINDOWS\SYSTEM32\ncrypt.dll
0x00007ffaa0110000 - 0x00007ffaa014f000 	C:\WINDOWS\SYSTEM32\NTASN1.dll
0x00007ffa9efa0000 - 0x00007ffa9f0cc000 	C:\WINDOWS\SYSTEM32\DNSAPI.dll
0x00007ffa98910000 - 0x00007ffa9891b000 	C:\Windows\System32\rasadhlp.dll
0x00007ffa9a650000 - 0x00007ffa9a6d6000 	C:\WINDOWS\System32\fwpuclnt.dll
0x00007ffa8f7e0000 - 0x00007ffa8f7e9000 	C:\Users\10935\.vscode\extensions\redhat.java-1.50.0-win32-x64\jre\21.0.9-win32-x86_64\bin\extnet.dll

JVMTI agents:
c:\Users\10935\.vscode\extensions\redhat.java-1.50.0-win32-x64\lombok\lombok-1.18.39-4050.jar path:c:\Users\10935\.vscode\extensions\redhat.java-1.50.0-win32-x64\jre\21.0.9-win32-x86_64\bin\instrument.dll, loaded, initialized, instrumentlib options:none

dbghelp: loaded successfully - version: 4.0.5 - missing functions: none
symbol engine: initialized successfully - sym options: 0x614 - pdb path: .;c:\Users\10935\.vscode\extensions\redhat.java-1.50.0-win32-x64\jre\21.0.9-win32-x86_64\bin;C:\WINDOWS\SYSTEM32;C:\WINDOWS\WinSxS\amd64_microsoft.windows.common-controls_6595b64144ccf1df_6.0.26100.7019_none_3e06ffa0e335b8a8;c:\Users\10935\.vscode\extensions\redhat.java-1.50.0-win32-x64\jre\21.0.9-win32-x86_64\bin\server;C:\Users\10935\AppData\Roaming\Code\User\globalStorage\redhat.java\1.50.0\config_win\org.eclipse.equinox.launcher\org.eclipse.equinox.launcher.win32.win32.x86_64_1.2.1400.v20250801-0854;C:\Users\10935\AppData\Local\Temp\jna-46738908

VM Arguments:
jvm_args: --add-modules=ALL-SYSTEM --add-opens=java.base/java.util=ALL-UNNAMED --add-opens=java.base/java.lang=ALL-UNNAMED --add-opens=java.base/sun.nio.fs=ALL-UNNAMED -Declipse.application=org.eclipse.jdt.ls.core.id1 -Dosgi.bundles.defaultStartLevel=4 -Declipse.product=org.eclipse.jdt.ls.core.product -Djava.import.generatesMetadataFilesAtProjectRoot=false -DDetectVMInstallationsJob.disabled=true -Dfile.encoding=utf8 -XX:+UseParallelGC -XX:GCTimeRatio=4 -XX:AdaptiveSizePolicyWeight=90 -Dsun.zip.disableMemoryMapping=true -Xmx2G -Xms100m -Xlog:disable -javaagent:c:\Users\10935\.vscode\extensions\redhat.java-1.50.0-win32-x64\lombok\lombok-1.18.39-4050.jar -XX:+HeapDumpOnOutOfMemoryError -XX:HeapDumpPath=c:\Users\10935\AppData\Roaming\Code\User\workspaceStorage\45f548e0b30d52b6814e104f887155be\redhat.java -Daether.dependencyCollector.impl=bf 
java_command: c:\Users\10935\.vscode\extensions\redhat.java-1.50.0-win32-x64\server\plugins\org.eclipse.equinox.launcher_1.7.100.v20251111-0406.jar -configuration c:\Users\10935\AppData\Roaming\Code\User\globalStorage\redhat.java\1.50.0\config_win -data c:\Users\10935\AppData\Roaming\Code\User\workspaceStorage\45f548e0b30d52b6814e104f887155be\redhat.java\jdt_ws --pipe=\\.\pipe\lsp-b50a26b6fae1389d1b7a1de0b995d698-sock
java_class_path (initial): c:\Users\10935\.vscode\extensions\redhat.java-1.50.0-win32-x64\server\plugins\org.eclipse.equinox.launcher_1.7.100.v20251111-0406.jar
Launcher Type: SUN_STANDARD

[Global flags]
    uintx AdaptiveSizePolicyWeight                 = 90                                        {product} {command line}
     intx CICompilerCount                          = 4                                         {product} {ergonomic}
    uintx GCTimeRatio                              = 4                                         {product} {command line}
     bool HeapDumpOnOutOfMemoryError               = true                                   {manageable} {command line}
    ccstr HeapDumpPath                             = c:\Users\10935\AppData\Roaming\Code\User\workspaceStorage\45f548e0b30d52b6814e104f887155be\redhat.java         {manageable} {command line}
   size_t InitialHeapSize                          = 104857600                                 {product} {command line}
   size_t MaxHeapSize                              = 2147483648                                {product} {command line}
   size_t MaxNewSize                               = 715653120                                 {product} {ergonomic}
   size_t MinHeapDeltaBytes                        = 524288                                    {product} {ergonomic}
   size_t MinHeapSize                              = 104857600                                 {product} {command line}
   size_t NewSize                                  = 34603008                                  {product} {ergonomic}
    uintx NonNMethodCodeHeapSize                   = 5839372                                {pd product} {ergonomic}
    uintx NonProfiledCodeHeapSize                  = 122909434                              {pd product} {ergonomic}
   size_t OldSize                                  = 70254592                                  {product} {ergonomic}
    uintx ProfiledCodeHeapSize                     = 122909434                              {pd product} {ergonomic}
    uintx ReservedCodeCacheSize                    = 251658240                              {pd product} {ergonomic}
     bool SegmentedCodeCache                       = true                                      {product} {ergonomic}
   size_t SoftMaxHeapSize                          = 2147483648                             {manageable} {ergonomic}
     bool UseCompressedOops                        = true                           {product lp64_product} {ergonomic}
     bool UseLargePagesIndividualAllocation        = false                                  {pd product} {ergonomic}
     bool UseParallelGC                            = true                                      {product} {command line}

Logging:
Log output configuration:
 #0: stdout all=off uptime,level,tags foldmultilines=false
 #1: stderr all=off uptime,level,tags foldmultilines=false

Release file:
JAVA_VERSION="21.0.9" 
MODULES="java.base java.compiler java.datatransfer java.xml java.prefs java.desktop java.instrument java.logging java.management java.security.sasl java.naming java.rmi java.management.rmi java.net.http java.scripting java.security.jgss java.transaction.xa java.sql java.sql.rowset java.xml.crypto java.se java.smartcardio jdk.accessibility jdk.internal.jvmstat jdk.attach jdk.charsets jdk.internal.opt jdk.zipfs jdk.compiler jdk.crypto.ec jdk.crypto.cryptoki jdk.crypto.mscapi jdk.dynalink jdk.internal.ed jdk.editpad jdk.hotspot.agent jdk.httpserver jdk.internal.le jdk.internal.vm.ci jdk.internal.vm.compiler jdk.internal.vm.compiler.management jdk.jartool jdk.javadoc jdk.jcmd jdk.management jdk.management.agent jdk.jconsole jdk.jdeps jdk.jdwp.agent jdk.jdi jdk.jfr jdk.jshell jdk.jsobject jdk.jstatd jdk.localedata jdk.management.jfr jdk.naming.dns jdk.naming.rmi jdk.net jdk.nio.mapmode jdk.random jdk.sctp jdk.security.auth jdk.security.jgss jdk.unsupported jdk.unsupported.desktop jdk.xml.dom" 

Environment Variables:
JAVA_HOME=C:\Program Files\Java\jdk-1.8
PATH=C:\Program Files (x86)\Common Files\Oracle\Java\java8path;C:\Program Files (x86)\Common Files\Oracle\Java\javapath;D:\DevSuiteHome_1\jdk\jre\bin\classic;D:\DevSuiteHome_1\jdk\jre\bin;D:\DevSuiteHome_1\jdk\jre\bin\client;D:\DevSuiteHome_1\jlib;D:\DevSuiteHome_1\bin;D:\DevSuiteHome_1\jre\1.4.2\bin\client;D:\DevSuiteHome_1\jre\1.4.2\bin;C:\WINDOWS\system32;C:\WINDOWS;C:\WINDOWS\System32\Wbem;C:\WINDOWS\System32\WindowsPowerShell\v1.0\;C:\WINDOWS\System32\OpenSSH\;C:\Program Files\TortoiseSVN\bin;C:\Program Files\Java\jdk-1.8\bin;C:\apache-maven-3.9.11\bin;C:\Program Files\nodejs\;C:\Program Files\Docker\Docker\resources\bin;C:\Program Files\cursor\resources\app\bin;C:\Users\10935\AppData\Local\Programs\Python\Launcher\;C:\Users\10935\AppData\Local\Microsoft\WindowsApps;C:\Users\10935\AppData\Local\Programs\Microsoft VS Code\bin;C:\Users\10935\AppData\Local\Programs\Git\cmd;C:\Users\10935\AppData\Roaming\npm;C:\Users\10935\AppData\Local\JetBrains\PyCharm 2025.1.3\bin;;
USERNAME=10935
OS=Windows_NT
PROCESSOR_IDENTIFIER=Intel64 Family 6 Model 186 Stepping 3, GenuineIntel
TMP=C:\Users\10935\AppData\Local\Temp
TEMP=C:\Users\10935\AppData\Local\Temp




Periodic native trim disabled

---------------  S Y S T E M  ---------------

OS:
 Windows 11 , 64 bit Build 26100 (10.0.26100.7019)
OS uptime: 0 days 2:07 hours
Hyper-V role detected

CPU: total 12 (initial active 12) (6 cores per cpu, 2 threads per core) family 6 model 186 stepping 3 microcode 0x4129, cx8, cmov, fxsr, ht, mmx, 3dnowpref, sse, sse2, sse3, ssse3, sse4.1, sse4.2, popcnt, lzcnt, tsc, tscinvbit, avx, avx2, aes, erms, clmul, bmi1, bmi2, adx, sha, fma, vzeroupper, clflush, clflushopt, clwb, hv, serialize, rdtscp, rdpid, fsrm, f16c, cet_ibt, cet_ss
Processor Information for the first 12 processors :
  Max Mhz: 1300, Current Mhz: 1300, Mhz Limit: 1300

Memory: 4k page, system-wide physical 16016M (3744M free)
TotalPageFile size 17551M (AvailPageFile size 75M)
current process WorkingSet (physical memory assigned to process): 816M, peak: 1015M
current process commit charge ("private bytes"): 1072M, peak: 1076M

vm_info: OpenJDK 64-Bit Server VM (21.0.9+10-LTS) for windows-amd64 JRE (21.0.9+10-LTS), built on 2025-10-21T00:00:00Z by "admin" with unknown MS VC++:1942

END.
